<?xml version="1.0" encoding="UTF-8"?>
<testsuite xmlns:xsi="http://www.w3.org/2001/XMLSchema-instance" xsi:noNamespaceSchemaLocation="https://maven.apache.org/surefire/maven-surefire-plugin/xsd/surefire-test-report-3.0.xsd" version="3.0" name="com.objectstore.client.HashVerificationTest" time="0.041" tests="14" errors="0" skipped="0" failures="0">
  <properties>
[...]
</properties>
  <testcase name="emptyShardData_canBeRegisteredAndVerified" classname="com.objectstore.client.HashVerificationTest" time="0.018"/>
  <testcase name="verify_copyOfBytes_returnsTrue" classname="com.objectstore.client.HashVerificationTest" time="0.001"/>
  <testcase name="appendedBytes_areDetectedByManifest" classname="com.objectstore.client.HashVerificationTest" time="0.001"/>
  <testcase name="registerShard_returnsCorrectHex" classname="com.objectstore.client.HashVerificationTest" time="0.001"/>
  <testcase name="flipLastByte_isDetectedByManifest" classname="com.objectstore.client.HashVerificationTest" time="0.0"/>
  <testcase name="differentBytes_areDetectedByManifest" classname="com.objectstore.client.HashVerificationTest" time="0.0"/>
  <testcase name="truncatedData_isDetectedByManifest" classname="com.objectstore.client.HashVerificationTest" time="0.0"/>
  <testcase name="multipleShards_allVerifyCorrectly" classname="com.objectstore.client.HashVerificationTest" time="0.002"/>
  <testcase name="verify_identicalBytes_returnsTrue" classname="com.objectstore.client.HashVerificationTest" time="0.001"/>
  <testcase name="shardId_format" classname="com.objectstore.client.HashVerificationTest" time="0.002"/>
  <testcase name="expectedHash_returnsRegisteredHash" classname="com.objectstore.client.HashVerificationTest" time="0.001"/>
  <testcase name="corruptShard_doesNotAffectNeighbours" classname="com.objectstore.client.HashVerificationTest" time="0.001"/>
  <testcase name="flipOneByte_isDetectedByManifest" classname="com.objectstore.client.HashVerificationTest" time="0.0"/>
  <testcase name="expectedHash_unregisteredIndex_throws" classname="com.objectstore.client.HashVerificationTest" time="0.001"/>
</testsuite>